# JRE version: OpenJDK Runtime Environment (8.0_152-b06) (build 1.8.0_152-release-1136-b06)
# Java VM: OpenJDK 64-Bit Server VM (25.152-b06 mixed mode windows-amd64 compressed oops)
Heap:
 PSYoungGen      total 240128K, used 197835K [0x00000000e0000000, 0x00000000f1000000, 0x0000000100000000)
  eden space 224768K, 81% used [0x00000000e0000000,0x00000000eb233bf8,0x00000000edb80000)
  from space 15360K, 99% used [0x00000000edb80000,0x00000000eea7f318,0x00000000eea80000)
  to   space 18944K, 0% used [0x00000000efd80000,0x00000000efd80000,0x00000000f1000000)
 ParOldGen       total 106496K, used 45398K [0x00000000a0000000, 0x00000000a6800000, 0x00000000e0000000)
  object space 106496K, 42% used [0x00000000a0000000,0x00000000a2c55b38,0x00000000a6800000)
 Metaspace       used 68698K, capacity 71182K, committed 71384K, reserved 1112064K
  class space    used 9035K, capacity 9643K, committed 9728K, reserved 1048576K
GC Heap History (10 events):
Event: 84.738 GC heap before
{Heap before GC invocations=14 (full 2):
 PSYoungGen      total 121856K, used 116412K [0x00000000e0000000, 0x00000000eb580000, 0x0000000100000000)
  eden space 109056K, 100% used [0x00000000e0000000,0x00000000e6a80000,0x00000000e6a80000)
  from space 12800K, 57% used [0x00000000e6a80000,0x00000000e71af240,0x00000000e7700000)
  to   space 12288K, 0% used [0x00000000ea980000,0x00000000ea980000,0x00000000eb580000)
 ParOldGen       total 61952K, used 25088K [0x00000000a0000000, 0x00000000a3c80000, 0x00000000e0000000)
  object space 61952K, 40% used [0x00000000a0000000,0x00000000a18803d8,0x00000000a3c80000)
 Metaspace       used 50755K, capacity 52084K, committed 52312K, reserved 1093632K
  class space    used 6821K, capacity 7179K, committed 7296K, reserved 1048576K
Event: 84.757 GC heap after
Heap after GC invocations=14 (full 2):
 PSYoungGen      total 167424K, used 6326K [0x00000000e0000000, 0x00000000eb200000, 0x0000000100000000)
  eden space 158720K, 0% used [0x00000000e0000000,0x00000000e0000000,0x00000000e9b00000)
  from space 8704K, 72% used [0x00000000ea980000,0x00000000eafad9d0,0x00000000eb200000)
  to   space 11776K, 0% used [0x00000000e9b00000,0x00000000e9b00000,0x00000000ea680000)
 ParOldGen       total 61952K, used 30347K [0x00000000a0000000, 0x00000000a3c80000, 0x00000000e0000000)
  object space 61952K, 48% used [0x00000000a0000000,0x00000000a1da2c38,0x00000000a3c80000)
 Metaspace       used 50755K, capacity 52084K, committed 52312K, reserved 1093632K
  class space    used 6821K, capacity 7179K, committed 7296K, reserved 1048576K
}
Event: 88.964 GC heap before
{Heap before GC invocations=15 (full 2):
 PSYoungGen      total 167424K, used 118794K [0x00000000e0000000, 0x00000000eb200000, 0x0000000100000000)
  eden space 158720K, 70% used [0x00000000e0000000,0x00000000e6dd5200,0x00000000e9b00000)
  from space 8704K, 72% used [0x00000000ea980000,0x00000000eafad9d0,0x00000000eb200000)
  to   space 11776K, 0% used [0x00000000e9b00000,0x00000000e9b00000,0x00000000ea680000)
 ParOldGen       total 61952K, used 30347K [0x00000000a0000000, 0x00000000a3c80000, 0x00000000e0000000)
  object space 61952K, 48% used [0x00000000a0000000,0x00000000a1da2c38,0x00000000a3c80000)
 Metaspace       used 56986K, capacity 58912K, committed 58968K, reserved 1099776K
  class space    used 7795K, capacity 8306K, committed 8320K, reserved 1048576K
Event: 88.997 GC heap after
Heap after GC invocations=15 (full 2):
 PSYoungGen      total 170496K, used 11760K [0x00000000e0000000, 0x00000000efc80000, 0x0000000100000000)
  eden space 158720K, 0% used [0x00000000e0000000,0x00000000e0000000,0x00000000e9b00000)
  from space 11776K, 99% used [0x00000000e9b00000,0x00000000ea67c038,0x00000000ea680000)
  to   space 14848K, 0% used [0x00000000eee00000,0x00000000eee00000,0x00000000efc80000)
 ParOldGen       total 61952K, used 34876K [0x00000000a0000000, 0x00000000a3c80000, 0x00000000e0000000)
  object space 61952K, 56% used [0x00000000a0000000,0x00000000a220f360,0x00000000a3c80000)
 Metaspace       used 56986K, capacity 58912K, committed 58968K, reserved 1099776K
  class space    used 7795K, capacity 8306K, committed 8320K, reserved 1048576K
}
Event: 88.997 GC heap before
{Heap before GC invocations=16 (full 3):
 PSYoungGen      total 170496K, used 11760K [0x00000000e0000000, 0x00000000efc80000, 0x0000000100000000)
  eden space 158720K, 0% used [0x00000000e0000000,0x00000000e0000000,0x00000000e9b00000)
  from space 11776K, 99% used [0x00000000e9b00000,0x00000000ea67c038,0x00000000ea680000)
  to   space 14848K, 0% used [0x00000000eee00000,0x00000000eee00000,0x00000000efc80000)
 ParOldGen       total 61952K, used 34876K [0x00000000a0000000, 0x00000000a3c80000, 0x00000000e0000000)
  object space 61952K, 56% used [0x00000000a0000000,0x00000000a220f360,0x00000000a3c80000)
 Metaspace       used 56986K, capacity 58912K, committed 58968K, reserved 1099776K
  class space    used 7795K, capacity 8306K, committed 8320K, reserved 1048576K
Event: 89.519 GC heap after
Heap after GC invocations=16 (full 3):
 PSYoungGen      total 170496K, used 0K [0x00000000e0000000, 0x00000000efc80000, 0x0000000100000000)
  eden space 158720K, 0% used [0x00000000e0000000,0x00000000e0000000,0x00000000e9b00000)
  from space 11776K, 0% used [0x00000000e9b00000,0x00000000e9b00000,0x00000000ea680000)
  to   space 14848K, 0% used [0x00000000eee00000,0x00000000eee00000,0x00000000efc80000)
 ParOldGen       total 106496K, used 41502K [0x00000000a0000000, 0x00000000a6800000, 0x00000000e0000000)
  object space 106496K, 38% used [0x00000000a0000000,0x00000000a2887a10,0x00000000a6800000)
 Metaspace       used 56986K, capacity 58912K, committed 58968K, reserved 1099776K
  class space    used 7795K, capacity 8306K, committed 8320K, reserved 1048576K
}
Event: 100.840 GC heap before
{Heap before GC invocations=17 (full 3):
 PSYoungGen      total 170496K, used 158720K [0x00000000e0000000, 0x00000000efc80000, 0x0000000100000000)
  eden space 158720K, 100% used [0x00000000e0000000,0x00000000e9b00000,0x00000000e9b00000)
  from space 11776K, 0% used [0x00000000e9b00000,0x00000000e9b00000,0x00000000ea680000)
  to   space 14848K, 0% used [0x00000000eee00000,0x00000000eee00000,0x00000000efc80000)
 ParOldGen       total 106496K, used 41502K [0x00000000a0000000, 0x00000000a6800000, 0x00000000e0000000)
  object space 106496K, 38% used [0x00000000a0000000,0x00000000a2887a10,0x00000000a6800000)
 Metaspace       used 59323K, capacity 61514K, committed 61656K, reserved 1101824K
  class space    used 8041K, capacity 8596K, committed 8704K, reserved 1048576K
Event: 100.873 GC heap after
Heap after GC invocations=17 (full 3):
 PSYoungGen      total 210432K, used 11595K [0x00000000e0000000, 0x00000000ef980000, 0x0000000100000000)
  eden space 198656K, 0% used [0x00000000e0000000,0x00000000e0000000,0x00000000ec200000)
  from space 11776K, 98% used [0x00000000eee00000,0x00000000ef952d90,0x00000000ef980000)
  to   space 15360K, 0% used [0x00000000edb80000,0x00000000edb80000,0x00000000eea80000)
 ParOldGen       total 106496K, used 41510K [0x00000000a0000000, 0x00000000a6800000, 0x00000000e0000000)
  object space 106496K, 38% used [0x00000000a0000000,0x00000000a2889a10,0x00000000a6800000)
 Metaspace       used 59323K, capacity 61514K, committed 61656K, reserved 1101824K
  class space    used 8041K, capacity 8596K, committed 8704K, reserved 1048576K
}
Event: 685.272 GC heap before
{Heap before GC invocations=18 (full 3):
 PSYoungGen      total 210432K, used 210251K [0x00000000e0000000, 0x00000000ef980000, 0x0000000100000000)
  eden space 198656K, 100% used [0x00000000e0000000,0x00000000ec200000,0x00000000ec200000)
  from space 11776K, 98% used [0x00000000eee00000,0x00000000ef952d90,0x00000000ef980000)
  to   space 15360K, 0% used [0x00000000edb80000,0x00000000edb80000,0x00000000eea80000)
 ParOldGen       total 106496K, used 41510K [0x00000000a0000000, 0x00000000a6800000, 0x00000000e0000000)
  object space 106496K, 38% used [0x00000000a0000000,0x00000000a2889a10,0x00000000a6800000)
 Metaspace       used 63827K, capacity 66278K, committed 66392K, reserved 1105920K
  class space    used 8489K, capacity 9036K, committed 9088K, reserved 1048576K
Event: 685.491 GC heap after
Heap after GC invocations=18 (full 3):
 PSYoungGen      total 240128K, used 15356K [0x00000000e0000000, 0x00000000f1000000, 0x0000000100000000)
  eden space 224768K, 0% used [0x00000000e0000000,0x00000000e0000000,0x00000000edb80000)
  from space 15360K, 99% used [0x00000000edb80000,0x00000000eea7f318,0x00000000eea80000)
  to   space 18944K, 0% used [0x00000000efd80000,0x00000000efd80000,0x00000000f1000000)
 ParOldGen       total 106496K, used 45398K [0x00000000a0000000, 0x00000000a6800000, 0x00000000e0000000)
  object space 106496K, 42% used [0x00000000a0000000,0x00000000a2c55b38,0x00000000a6800000)
 Metaspace       used 63827K, capacity 66278K, committed 66392K, reserved 1105920K
  class space    used 8489K, capacity 9036K, committed 9088K, reserved 1048576K
}

