# JRE version: OpenJDK Runtime Environment (8.0_152-b06) (build 1.8.0_152-release-1136-b06)
# Java VM: OpenJDK 64-Bit Server VM (25.152-b06 mixed mode windows-amd64 compressed oops)
Heap:
 PSYoungGen      total 182272K, used 32154K [0x00000000e0000000, 0x00000000eec80000, 0x0000000100000000)
  eden space 142848K, 12% used [0x00000000e0000000,0x00000000e1185518,0x00000000e8b80000)
  from space 39424K, 36% used [0x00000000e8b80000,0x00000000e9961520,0x00000000eb200000)
  to   space 24064K, 0% used [0x00000000eb200000,0x00000000eb200000,0x00000000ec980000)
 ParOldGen       total 141312K, used 140861K [0x00000000a0000000, 0x00000000a8a00000, 0x00000000e0000000)
  object space 141312K, 99% used [0x00000000a0000000,0x00000000a898f6a0,0x00000000a8a00000)
 Metaspace       used 65847K, capacity 68138K, committed 68440K, reserved 1107968K
  class space    used 8743K, capacity 9312K, committed 9344K, reserved 1048576K
GC Heap History (10 events):
Event: 42.609 GC heap before
{Heap before GC invocations=19 (full 3):
 PSYoungGen      total 131584K, used 118784K [0x00000000e0000000, 0x00000000eab00000, 0x0000000100000000)
  eden space 118784K, 100% used [0x00000000e0000000,0x00000000e7400000,0x00000000e7400000)
  from space 12800K, 0% used [0x00000000e7400000,0x00000000e7400000,0x00000000e8080000)
  to   space 15360K, 0% used [0x00000000e9c00000,0x00000000e9c00000,0x00000000eab00000)
 ParOldGen       total 141312K, used 39650K [0x00000000a0000000, 0x00000000a8a00000, 0x00000000e0000000)
  object space 141312K, 28% used [0x00000000a0000000,0x00000000a26b8a80,0x00000000a8a00000)
 Metaspace       used 58879K, capacity 60990K, committed 61272K, reserved 1101824K
  class space    used 8002K, capacity 8526K, committed 8576K, reserved 1048576K
Event: 42.632 GC heap after
Heap after GC invocations=19 (full 3):
 PSYoungGen      total 146944K, used 8470K [0x00000000e0000000, 0x00000000ea480000, 0x0000000100000000)
  eden space 138240K, 0% used [0x00000000e0000000,0x00000000e0000000,0x00000000e8700000)
  from space 8704K, 97% used [0x00000000e9c00000,0x00000000ea445870,0x00000000ea480000)
  to   space 14848K, 0% used [0x00000000e8780000,0x00000000e8780000,0x00000000e9600000)
 ParOldGen       total 141312K, used 39658K [0x00000000a0000000, 0x00000000a8a00000, 0x00000000e0000000)
  object space 141312K, 28% used [0x00000000a0000000,0x00000000a26baa80,0x00000000a8a00000)
 Metaspace       used 58879K, capacity 60990K, committed 61272K, reserved 1101824K
  class space    used 8002K, capacity 8526K, committed 8576K, reserved 1048576K
}
Event: 48.204 GC heap before
{Heap before GC invocations=20 (full 3):
 PSYoungGen      total 146944K, used 146710K [0x00000000e0000000, 0x00000000ea480000, 0x0000000100000000)
  eden space 138240K, 100% used [0x00000000e0000000,0x00000000e8700000,0x00000000e8700000)
  from space 8704K, 97% used [0x00000000e9c00000,0x00000000ea445870,0x00000000ea480000)
  to   space 14848K, 0% used [0x00000000e8780000,0x00000000e8780000,0x00000000e9600000)
 ParOldGen       total 141312K, used 39658K [0x00000000a0000000, 0x00000000a8a00000, 0x00000000e0000000)
  object space 141312K, 28% used [0x00000000a0000000,0x00000000a26baa80,0x00000000a8a00000)
 Metaspace       used 63219K, capacity 65428K, committed 65752K, reserved 1105920K
  class space    used 8546K, capacity 9112K, committed 9216K, reserved 1048576K
Event: 48.379 GC heap after
Heap after GC invocations=20 (full 3):
 PSYoungGen      total 153600K, used 14832K [0x00000000e0000000, 0x00000000ec980000, 0x0000000100000000)
  eden space 138752K, 0% used [0x00000000e0000000,0x00000000e0000000,0x00000000e8780000)
  from space 14848K, 99% used [0x00000000e8780000,0x00000000e95fc3f0,0x00000000e9600000)
  to   space 24064K, 0% used [0x00000000eb200000,0x00000000eb200000,0x00000000ec980000)
 ParOldGen       total 141312K, used 59285K [0x00000000a0000000, 0x00000000a8a00000, 0x00000000e0000000)
  object space 141312K, 41% used [0x00000000a0000000,0x00000000a39e57b8,0x00000000a8a00000)
 Metaspace       used 63219K, capacity 65428K, committed 65752K, reserved 1105920K
  class space    used 8546K, capacity 9112K, committed 9216K, reserved 1048576K
}
Event: 51.986 GC heap before
{Heap before GC invocations=21 (full 3):
 PSYoungGen      total 153600K, used 153584K [0x00000000e0000000, 0x00000000ec980000, 0x0000000100000000)
  eden space 138752K, 100% used [0x00000000e0000000,0x00000000e8780000,0x00000000e8780000)
  from space 14848K, 99% used [0x00000000e8780000,0x00000000e95fc3f0,0x00000000e9600000)
  to   space 24064K, 0% used [0x00000000eb200000,0x00000000eb200000,0x00000000ec980000)
 ParOldGen       total 141312K, used 59285K [0x00000000a0000000, 0x00000000a8a00000, 0x00000000e0000000)
  object space 141312K, 41% used [0x00000000a0000000,0x00000000a39e57b8,0x00000000a8a00000)
 Metaspace       used 64485K, capacity 66788K, committed 67032K, reserved 1107968K
  class space    used 8622K, capacity 9183K, committed 9216K, reserved 1048576K
Event: 52.124 GC heap after
Heap after GC invocations=21 (full 3):
 PSYoungGen      total 166912K, used 24049K [0x00000000e0000000, 0x00000000eec80000, 0x0000000100000000)
  eden space 142848K, 0% used [0x00000000e0000000,0x00000000e0000000,0x00000000e8b80000)
  from space 24064K, 99% used [0x00000000eb200000,0x00000000ec97c620,0x00000000ec980000)
  to   space 39424K, 0% used [0x00000000e8b80000,0x00000000e8b80000,0x00000000eb200000)
 ParOldGen       total 141312K, used 91269K [0x00000000a0000000, 0x00000000a8a00000, 0x00000000e0000000)
  object space 141312K, 64% used [0x00000000a0000000,0x00000000a5921658,0x00000000a8a00000)
 Metaspace       used 64485K, capacity 66788K, committed 67032K, reserved 1107968K
  class space    used 8622K, capacity 9183K, committed 9216K, reserved 1048576K
}
Event: 55.766 GC heap before
{Heap before GC invocations=22 (full 3):
 PSYoungGen      total 166912K, used 166897K [0x00000000e0000000, 0x00000000eec80000, 0x0000000100000000)
  eden space 142848K, 100% used [0x00000000e0000000,0x00000000e8b80000,0x00000000e8b80000)
  from space 24064K, 99% used [0x00000000eb200000,0x00000000ec97c620,0x00000000ec980000)
  to   space 39424K, 0% used [0x00000000e8b80000,0x00000000e8b80000,0x00000000eb200000)
 ParOldGen       total 141312K, used 91269K [0x00000000a0000000, 0x00000000a8a00000, 0x00000000e0000000)
  object space 141312K, 64% used [0x00000000a0000000,0x00000000a5921658,0x00000000a8a00000)
 Metaspace       used 65656K, capacity 67940K, committed 68184K, reserved 1107968K
  class space    used 8738K, capacity 9311K, committed 9344K, reserved 1048576K
Event: 55.977 GC heap after
Heap after GC invocations=22 (full 3):
 PSYoungGen      total 182272K, used 39399K [0x00000000e0000000, 0x00000000eec80000, 0x0000000100000000)
  eden space 142848K, 0% used [0x00000000e0000000,0x00000000e0000000,0x00000000e8b80000)
  from space 39424K, 99% used [0x00000000e8b80000,0x00000000eb1f9e10,0x00000000eb200000)
  to   space 24064K, 0% used [0x00000000eb200000,0x00000000eb200000,0x00000000ec980000)
 ParOldGen       total 141312K, used 128226K [0x00000000a0000000, 0x00000000a8a00000, 0x00000000e0000000)
  object space 141312K, 90% used [0x00000000a0000000,0x00000000a7d38928,0x00000000a8a00000)
 Metaspace       used 65656K, capacity 67940K, committed 68184K, reserved 1107968K
  class space    used 8738K, capacity 9311K, committed 9344K, reserved 1048576K
}
Event: 55.977 GC heap before
{Heap before GC invocations=23 (full 4):
 PSYoungGen      total 182272K, used 39399K [0x00000000e0000000, 0x00000000eec80000, 0x0000000100000000)
  eden space 142848K, 0% used [0x00000000e0000000,0x00000000e0000000,0x00000000e8b80000)
  from space 39424K, 99% used [0x00000000e8b80000,0x00000000eb1f9e10,0x00000000eb200000)
  to   space 24064K, 0% used [0x00000000eb200000,0x00000000eb200000,0x00000000ec980000)
 ParOldGen       total 141312K, used 128226K [0x00000000a0000000, 0x00000000a8a00000, 0x00000000e0000000)
  object space 141312K, 90% used [0x00000000a0000000,0x00000000a7d38928,0x00000000a8a00000)
 Metaspace       used 65656K, capacity 67940K, committed 68184K, reserved 1107968K
  class space    used 8738K, capacity 9311K, committed 9344K, reserved 1048576K
Event: 60.099 GC heap after
Heap after GC invocations=23 (full 4):
 PSYoungGen      total 182272K, used 14213K [0x00000000e0000000, 0x00000000eec80000, 0x0000000100000000)
  eden space 142848K, 0% used [0x00000000e0000000,0x00000000e0000000,0x00000000e8b80000)
  from space 39424K, 36% used [0x00000000e8b80000,0x00000000e9961520,0x00000000eb200000)
  to   space 24064K, 0% used [0x00000000eb200000,0x00000000eb200000,0x00000000ec980000)
 ParOldGen       total 141312K, used 140861K [0x00000000a0000000, 0x00000000a8a00000, 0x00000000e0000000)
  object space 141312K, 99% used [0x00000000a0000000,0x00000000a898f6a0,0x00000000a8a00000)
 Metaspace       used 65656K, capacity 67940K, committed 68184K, reserved 1107968K
  class space    used 8738K, capacity 9311K, committed 9344K, reserved 1048576K
}

