# JRE version: OpenJDK Runtime Environment (8.0_152-b06) (build 1.8.0_152-release-1136-b06)
# Java VM: OpenJDK 64-Bit Server VM (25.152-b06 mixed mode windows-amd64 compressed oops)
Heap:
 PSYoungGen      total 101888K, used 72823K [0x00000000e0000000, 0x00000000e8b80000, 0x0000000100000000)
  eden space 90624K, 67% used [0x00000000e0000000,0x00000000e3c22c00,0x00000000e5880000)
  from space 11264K, 99% used [0x00000000e5880000,0x00000000e637b310,0x00000000e6380000)
  to   space 13824K, 0% used [0x00000000e7e00000,0x00000000e7e00000,0x00000000e8b80000)
 ParOldGen       total 99840K, used 19960K [0x00000000a0000000, 0x00000000a6180000, 0x00000000e0000000)
  object space 99840K, 19% used [0x00000000a0000000,0x00000000a137e378,0x00000000a6180000)
 Metaspace       used 45982K, capacity 46964K, committed 47064K, reserved 1089536K
  class space    used 6258K, capacity 6585K, committed 6656K, reserved 1048576K
GC Heap History (10 events):
Event: 15.885 GC heap before
{Heap before GC invocations=9 (full 1):
 PSYoungGen      total 70656K, used 66959K [0x00000000e0000000, 0x00000000e5980000, 0x0000000100000000)
  eden space 60416K, 100% used [0x00000000e0000000,0x00000000e3b00000,0x00000000e3b00000)
  from space 10240K, 63% used [0x00000000e3b00000,0x00000000e4163d10,0x00000000e4500000)
  to   space 9728K, 0% used [0x00000000e5000000,0x00000000e5000000,0x00000000e5980000)
 ParOldGen       total 62976K, used 8268K [0x00000000a0000000, 0x00000000a3d80000, 0x00000000e0000000)
  object space 62976K, 13% used [0x00000000a0000000,0x00000000a0813358,0x00000000a3d80000)
 Metaspace       used 30575K, capacity 31188K, committed 31488K, reserved 1077248K
  class space    used 4298K, capacity 4501K, committed 4608K, reserved 1048576K
Event: 15.901 GC heap after
Heap after GC invocations=9 (full 1):
 PSYoungGen      total 80896K, used 9534K [0x00000000e0000000, 0x00000000e6980000, 0x0000000100000000)
  eden space 71168K, 0% used [0x00000000e0000000,0x00000000e0000000,0x00000000e4580000)
  from space 9728K, 98% used [0x00000000e5000000,0x00000000e594f950,0x00000000e5980000)
  to   space 10752K, 0% used [0x00000000e4580000,0x00000000e4580000,0x00000000e5000000)
 ParOldGen       total 62976K, used 8276K [0x00000000a0000000, 0x00000000a3d80000, 0x00000000e0000000)
  object space 62976K, 13% used [0x00000000a0000000,0x00000000a0815358,0x00000000a3d80000)
 Metaspace       used 30575K, capacity 31188K, committed 31488K, reserved 1077248K
  class space    used 4298K, capacity 4501K, committed 4608K, reserved 1048576K
}
Event: 16.432 GC heap before
{Heap before GC invocations=10 (full 1):
 PSYoungGen      total 80896K, used 29269K [0x00000000e0000000, 0x00000000e6980000, 0x0000000100000000)
  eden space 71168K, 27% used [0x00000000e0000000,0x00000000e1345d08,0x00000000e4580000)
  from space 9728K, 98% used [0x00000000e5000000,0x00000000e594f950,0x00000000e5980000)
  to   space 10752K, 0% used [0x00000000e4580000,0x00000000e4580000,0x00000000e5000000)
 ParOldGen       total 62976K, used 8276K [0x00000000a0000000, 0x00000000a3d80000, 0x00000000e0000000)
  object space 62976K, 13% used [0x00000000a0000000,0x00000000a0815358,0x00000000a3d80000)
 Metaspace       used 34604K, capacity 35270K, committed 35416K, reserved 1079296K
  class space    used 4802K, capacity 4989K, committed 4992K, reserved 1048576K
Event: 16.444 GC heap after
Heap after GC invocations=10 (full 1):
 PSYoungGen      total 81920K, used 9464K [0x00000000e0000000, 0x00000000e7080000, 0x0000000100000000)
  eden space 71168K, 0% used [0x00000000e0000000,0x00000000e0000000,0x00000000e4580000)
  from space 10752K, 88% used [0x00000000e4580000,0x00000000e4ebe3e0,0x00000000e5000000)
  to   space 11264K, 0% used [0x00000000e6580000,0x00000000e6580000,0x00000000e7080000)
 ParOldGen       total 62976K, used 8284K [0x00000000a0000000, 0x00000000a3d80000, 0x00000000e0000000)
  object space 62976K, 13% used [0x00000000a0000000,0x00000000a0817358,0x00000000a3d80000)
 Metaspace       used 34604K, capacity 35270K, committed 35416K, reserved 1079296K
  class space    used 4802K, capacity 4989K, committed 4992K, reserved 1048576K
}
Event: 16.444 GC heap before
{Heap before GC invocations=11 (full 2):
 PSYoungGen      total 81920K, used 9464K [0x00000000e0000000, 0x00000000e7080000, 0x0000000100000000)
  eden space 71168K, 0% used [0x00000000e0000000,0x00000000e0000000,0x00000000e4580000)
  from space 10752K, 88% used [0x00000000e4580000,0x00000000e4ebe3e0,0x00000000e5000000)
  to   space 11264K, 0% used [0x00000000e6580000,0x00000000e6580000,0x00000000e7080000)
 ParOldGen       total 62976K, used 8284K [0x00000000a0000000, 0x00000000a3d80000, 0x00000000e0000000)
  object space 62976K, 13% used [0x00000000a0000000,0x00000000a0817358,0x00000000a3d80000)
 Metaspace       used 34604K, capacity 35270K, committed 35416K, reserved 1079296K
  class space    used 4802K, capacity 4989K, committed 4992K, reserved 1048576K
Event: 16.594 GC heap after
Heap after GC invocations=11 (full 2):
 PSYoungGen      total 81920K, used 0K [0x00000000e0000000, 0x00000000e7080000, 0x0000000100000000)
  eden space 71168K, 0% used [0x00000000e0000000,0x00000000e0000000,0x00000000e4580000)
  from space 10752K, 0% used [0x00000000e4580000,0x00000000e4580000,0x00000000e5000000)
  to   space 11264K, 0% used [0x00000000e6580000,0x00000000e6580000,0x00000000e7080000)
 ParOldGen       total 99840K, used 15975K [0x00000000a0000000, 0x00000000a6180000, 0x00000000e0000000)
  object space 99840K, 16% used [0x00000000a0000000,0x00000000a0f99fb8,0x00000000a6180000)
 Metaspace       used 34604K, capacity 35270K, committed 35416K, reserved 1079296K
  class space    used 4802K, capacity 4989K, committed 4992K, reserved 1048576K
}
Event: 18.384 GC heap before
{Heap before GC invocations=12 (full 2):
 PSYoungGen      total 81920K, used 71168K [0x00000000e0000000, 0x00000000e7080000, 0x0000000100000000)
  eden space 71168K, 100% used [0x00000000e0000000,0x00000000e4580000,0x00000000e4580000)
  from space 10752K, 0% used [0x00000000e4580000,0x00000000e4580000,0x00000000e5000000)
  to   space 11264K, 0% used [0x00000000e6580000,0x00000000e6580000,0x00000000e7080000)
 ParOldGen       total 99840K, used 15975K [0x00000000a0000000, 0x00000000a6180000, 0x00000000e0000000)
  object space 99840K, 16% used [0x00000000a0000000,0x00000000a0f99fb8,0x00000000a6180000)
 Metaspace       used 38754K, capacity 39548K, committed 39896K, reserved 1083392K
  class space    used 5295K, capacity 5560K, committed 5632K, reserved 1048576K
Event: 18.420 GC heap after
Heap after GC invocations=12 (full 2):
 PSYoungGen      total 99840K, used 7160K [0x00000000e0000000, 0x00000000e6e80000, 0x0000000100000000)
  eden space 90624K, 0% used [0x00000000e0000000,0x00000000e0000000,0x00000000e5880000)
  from space 9216K, 77% used [0x00000000e6580000,0x00000000e6c7e1a0,0x00000000e6e80000)
  to   space 11264K, 0% used [0x00000000e5880000,0x00000000e5880000,0x00000000e6380000)
 ParOldGen       total 99840K, used 15983K [0x00000000a0000000, 0x00000000a6180000, 0x00000000e0000000)
  object space 99840K, 16% used [0x00000000a0000000,0x00000000a0f9bfb8,0x00000000a6180000)
 Metaspace       used 38754K, capacity 39548K, committed 39896K, reserved 1083392K
  class space    used 5295K, capacity 5560K, committed 5632K, reserved 1048576K
}
Event: 22.929 GC heap before
{Heap before GC invocations=13 (full 2):
 PSYoungGen      total 99840K, used 97784K [0x00000000e0000000, 0x00000000e6e80000, 0x0000000100000000)
  eden space 90624K, 100% used [0x00000000e0000000,0x00000000e5880000,0x00000000e5880000)
  from space 9216K, 77% used [0x00000000e6580000,0x00000000e6c7e1a0,0x00000000e6e80000)
  to   space 11264K, 0% used [0x00000000e5880000,0x00000000e5880000,0x00000000e6380000)
 ParOldGen       total 99840K, used 15983K [0x00000000a0000000, 0x00000000a6180000, 0x00000000e0000000)
  object space 99840K, 16% used [0x00000000a0000000,0x00000000a0f9bfb8,0x00000000a6180000)
 Metaspace       used 43093K, capacity 44068K, committed 44376K, reserved 1087488K
  class space    used 5828K, capacity 6151K, committed 6272K, reserved 1048576K
Event: 22.987 GC heap after
Heap after GC invocations=13 (full 2):
 PSYoungGen      total 101888K, used 11244K [0x00000000e0000000, 0x00000000e8b80000, 0x0000000100000000)
  eden space 90624K, 0% used [0x00000000e0000000,0x00000000e0000000,0x00000000e5880000)
  from space 11264K, 99% used [0x00000000e5880000,0x00000000e637b310,0x00000000e6380000)
  to   space 13824K, 0% used [0x00000000e7e00000,0x00000000e7e00000,0x00000000e8b80000)
 ParOldGen       total 99840K, used 19960K [0x00000000a0000000, 0x00000000a6180000, 0x00000000e0000000)
  object space 99840K, 19% used [0x00000000a0000000,0x00000000a137e378,0x00000000a6180000)
 Metaspace       used 43093K, capacity 44068K, committed 44376K, reserved 1087488K
  class space    used 5828K, capacity 6151K, committed 6272K, reserved 1048576K
}

