# JRE version: OpenJDK Runtime Environment (8.0_152-b06) (build 1.8.0_152-release-1136-b06)
# Java VM: OpenJDK 64-Bit Server VM (25.152-b06 mixed mode windows-amd64 compressed oops)
Heap:
 PSYoungGen      total 195584K, used 113435K [0x00000000e0000000, 0x00000000ee500000, 0x0000000100000000)
  eden space 163840K, 49% used [0x00000000e0000000,0x00000000e4fc8df0,0x00000000ea000000)
  from space 31744K, 99% used [0x00000000ea000000,0x00000000ebefe170,0x00000000ebf00000)
  to   space 22016K, 0% used [0x00000000ebf00000,0x00000000ebf00000,0x00000000ed480000)
 ParOldGen       total 150016K, used 108562K [0x00000000a0000000, 0x00000000a9280000, 0x00000000e0000000)
  object space 150016K, 72% used [0x00000000a0000000,0x00000000a6a04ab8,0x00000000a9280000)
 Metaspace       used 65613K, capacity 67946K, committed 68184K, reserved 1107968K
  class space    used 8742K, capacity 9312K, committed 9344K, reserved 1048576K
GC Heap History (10 events):
Event: 30.337 GC heap before
{Heap before GC invocations=16 (full 2):
 PSYoungGen      total 134656K, used 60331K [0x00000000e0000000, 0x00000000eba80000, 0x0000000100000000)
  eden space 118272K, 37% used [0x00000000e0000000,0x00000000e2aed260,0x00000000e7380000)
  from space 16384K, 99% used [0x00000000e7380000,0x00000000e837dbd8,0x00000000e8380000)
  to   space 20992K, 0% used [0x00000000ea600000,0x00000000ea600000,0x00000000eba80000)
 ParOldGen       total 94720K, used 28630K [0x00000000a0000000, 0x00000000a5c80000, 0x00000000e0000000)
  object space 94720K, 30% used [0x00000000a0000000,0x00000000a1bf5840,0x00000000a5c80000)
 Metaspace       used 56996K, capacity 58916K, committed 58968K, reserved 1099776K
  class space    used 7800K, capacity 8306K, committed 8320K, reserved 1048576K
Event: 30.372 GC heap after
Heap after GC invocations=16 (full 2):
 PSYoungGen      total 167936K, used 18972K [0x00000000e0000000, 0x00000000ec280000, 0x0000000100000000)
  eden space 146944K, 0% used [0x00000000e0000000,0x00000000e0000000,0x00000000e8f80000)
  from space 20992K, 90% used [0x00000000ea600000,0x00000000eb887348,0x00000000eba80000)
  to   space 23040K, 0% used [0x00000000e8f80000,0x00000000e8f80000,0x00000000ea600000)
 ParOldGen       total 94720K, used 31542K [0x00000000a0000000, 0x00000000a5c80000, 0x00000000e0000000)
  object space 94720K, 33% used [0x00000000a0000000,0x00000000a1ecd978,0x00000000a5c80000)
 Metaspace       used 56996K, capacity 58916K, committed 58968K, reserved 1099776K
  class space    used 7800K, capacity 8306K, committed 8320K, reserved 1048576K
}
Event: 30.372 GC heap before
{Heap before GC invocations=17 (full 3):
 PSYoungGen      total 167936K, used 18972K [0x00000000e0000000, 0x00000000ec280000, 0x0000000100000000)
  eden space 146944K, 0% used [0x00000000e0000000,0x00000000e0000000,0x00000000e8f80000)
  from space 20992K, 90% used [0x00000000ea600000,0x00000000eb887348,0x00000000eba80000)
  to   space 23040K, 0% used [0x00000000e8f80000,0x00000000e8f80000,0x00000000ea600000)
 ParOldGen       total 94720K, used 31542K [0x00000000a0000000, 0x00000000a5c80000, 0x00000000e0000000)
  object space 94720K, 33% used [0x00000000a0000000,0x00000000a1ecd978,0x00000000a5c80000)
 Metaspace       used 56996K, capacity 58916K, committed 58968K, reserved 1099776K
  class space    used 7800K, capacity 8306K, committed 8320K, reserved 1048576K
Event: 31.089 GC heap after
Heap after GC invocations=17 (full 3):
 PSYoungGen      total 167936K, used 0K [0x00000000e0000000, 0x00000000ec280000, 0x0000000100000000)
  eden space 146944K, 0% used [0x00000000e0000000,0x00000000e0000000,0x00000000e8f80000)
  from space 20992K, 0% used [0x00000000ea600000,0x00000000ea600000,0x00000000eba80000)
  to   space 23040K, 0% used [0x00000000e8f80000,0x00000000e8f80000,0x00000000ea600000)
 ParOldGen       total 150016K, used 39049K [0x00000000a0000000, 0x00000000a9280000, 0x00000000e0000000)
  object space 150016K, 26% used [0x00000000a0000000,0x00000000a2622598,0x00000000a9280000)
 Metaspace       used 56996K, capacity 58916K, committed 58968K, reserved 1099776K
  class space    used 7800K, capacity 8306K, committed 8320K, reserved 1048576K
}
Event: 43.214 GC heap before
{Heap before GC invocations=18 (full 3):
 PSYoungGen      total 167936K, used 146944K [0x00000000e0000000, 0x00000000ec280000, 0x0000000100000000)
  eden space 146944K, 100% used [0x00000000e0000000,0x00000000e8f80000,0x00000000e8f80000)
  from space 20992K, 0% used [0x00000000ea600000,0x00000000ea600000,0x00000000eba80000)
  to   space 23040K, 0% used [0x00000000e8f80000,0x00000000e8f80000,0x00000000ea600000)
 ParOldGen       total 150016K, used 39049K [0x00000000a0000000, 0x00000000a9280000, 0x00000000e0000000)
  object space 150016K, 26% used [0x00000000a0000000,0x00000000a2622598,0x00000000a9280000)
 Metaspace       used 58960K, capacity 61130K, committed 61272K, reserved 1101824K
  class space    used 8009K, capacity 8530K, committed 8576K, reserved 1048576K
Event: 43.235 GC heap after
Heap after GC invocations=18 (full 3):
 PSYoungGen      total 169984K, used 10287K [0x00000000e0000000, 0x00000000ed480000, 0x0000000100000000)
  eden space 146944K, 0% used [0x00000000e0000000,0x00000000e0000000,0x00000000e8f80000)
  from space 23040K, 44% used [0x00000000e8f80000,0x00000000e998bce0,0x00000000ea600000)
  to   space 22016K, 0% used [0x00000000ebf00000,0x00000000ebf00000,0x00000000ed480000)
 ParOldGen       total 150016K, used 39057K [0x00000000a0000000, 0x00000000a9280000, 0x00000000e0000000)
  object space 150016K, 26% used [0x00000000a0000000,0x00000000a2624598,0x00000000a9280000)
 Metaspace       used 58960K, capacity 61130K, committed 61272K, reserved 1101824K
  class space    used 8009K, capacity 8530K, committed 8576K, reserved 1048576K
}
Event: 53.087 GC heap before
{Heap before GC invocations=19 (full 3):
 PSYoungGen      total 169984K, used 157223K [0x00000000e0000000, 0x00000000ed480000, 0x0000000100000000)
  eden space 146944K, 99% used [0x00000000e0000000,0x00000000e8f7e160,0x00000000e8f80000)
  from space 23040K, 44% used [0x00000000e8f80000,0x00000000e998bce0,0x00000000ea600000)
  to   space 22016K, 0% used [0x00000000ebf00000,0x00000000ebf00000,0x00000000ed480000)
 ParOldGen       total 150016K, used 39057K [0x00000000a0000000, 0x00000000a9280000, 0x00000000e0000000)
  object space 150016K, 26% used [0x00000000a0000000,0x00000000a2624598,0x00000000a9280000)
 Metaspace       used 63286K, capacity 65562K, committed 65752K, reserved 1105920K
  class space    used 8552K, capacity 9113K, committed 9216K, reserved 1048576K
Event: 53.132 GC heap after
Heap after GC invocations=19 (full 3):
 PSYoungGen      total 185856K, used 22015K [0x00000000e0000000, 0x00000000ee500000, 0x0000000100000000)
  eden space 163840K, 0% used [0x00000000e0000000,0x00000000e0000000,0x00000000ea000000)
  from space 22016K, 99% used [0x00000000ebf00000,0x00000000ed47fd20,0x00000000ed480000)
  to   space 31744K, 0% used [0x00000000ea000000,0x00000000ea000000,0x00000000ebf00000)
 ParOldGen       total 150016K, used 57584K [0x00000000a0000000, 0x00000000a9280000, 0x00000000e0000000)
  object space 150016K, 38% used [0x00000000a0000000,0x00000000a383c128,0x00000000a9280000)
 Metaspace       used 63286K, capacity 65562K, committed 65752K, reserved 1105920K
  class space    used 8552K, capacity 9113K, committed 9216K, reserved 1048576K
}
Event: 57.258 GC heap before
{Heap before GC invocations=20 (full 3):
 PSYoungGen      total 185856K, used 185855K [0x00000000e0000000, 0x00000000ee500000, 0x0000000100000000)
  eden space 163840K, 100% used [0x00000000e0000000,0x00000000ea000000,0x00000000ea000000)
  from space 22016K, 99% used [0x00000000ebf00000,0x00000000ed47fd20,0x00000000ed480000)
  to   space 31744K, 0% used [0x00000000ea000000,0x00000000ea000000,0x00000000ebf00000)
 ParOldGen       total 150016K, used 57584K [0x00000000a0000000, 0x00000000a9280000, 0x00000000e0000000)
  object space 150016K, 38% used [0x00000000a0000000,0x00000000a383c128,0x00000000a9280000)
 Metaspace       used 64565K, capacity 66794K, committed 67032K, reserved 1107968K
  class space    used 8626K, capacity 9184K, committed 9216K, reserved 1048576K
Event: 57.463 GC heap after
Heap after GC invocations=20 (full 3):
 PSYoungGen      total 195584K, used 31736K [0x00000000e0000000, 0x00000000ee500000, 0x0000000100000000)
  eden space 163840K, 0% used [0x00000000e0000000,0x00000000e0000000,0x00000000ea000000)
  from space 31744K, 99% used [0x00000000ea000000,0x00000000ebefe170,0x00000000ebf00000)
  to   space 22016K, 0% used [0x00000000ebf00000,0x00000000ebf00000,0x00000000ed480000)
 ParOldGen       total 150016K, used 108562K [0x00000000a0000000, 0x00000000a9280000, 0x00000000e0000000)
  object space 150016K, 72% used [0x00000000a0000000,0x00000000a6a04ab8,0x00000000a9280000)
 Metaspace       used 64565K, capacity 66794K, committed 67032K, reserved 1107968K
  class space    used 8626K, capacity 9184K, committed 9216K, reserved 1048576K
}

